2020-09-12 10:47:19.231 - DBeaver 5.3.2.201901062110 is starting
2020-09-12 10:47:19.236 - OS: Windows 10 10.0 (amd64)
2020-09-12 10:47:19.239 - Java version: 1.8.0_77 by Oracle Corporation (64bit)
2020-09-12 10:47:19.244 - Install path: 'file:/C:/Program Files/DBeaver/'
2020-09-12 10:47:19.249 - Instance path: 'file:/C:/Users/ÃÖÁø¸¸/.dbeaver4/'
2020-09-12 10:47:19.253 - Memory available 84Mb/910Mb
2020-09-12 10:47:19.270 - Starting RMI server at 30188
2020-09-12 10:47:19.388 - Run workbench
2020-09-12 10:47:19.401 - > Start org.eclipse.e4.ui.workbench.swt [0.14.300.v20180906-1121]
2020-09-12 10:47:19.407 - > Start org.eclipse.e4.core.services [2.1.200.v20180817-1215]
2020-09-12 10:47:19.410 - > Start org.eclipse.e4.core.contexts [1.7.100.v20180817-1215]
2020-09-12 10:47:19.416 - > Start org.eclipse.e4.ui.services [1.3.200.v20180906-1121]
2020-09-12 10:47:19.459 - > Start org.eclipse.e4.ui.di [1.2.300.v20180906-1121]
2020-09-12 10:47:19.506 - > Start com.ibm.icu.base [58.2.0.v20170418-1837]
2020-09-12 10:47:19.509 - > Start org.eclipse.emf.common [2.15.0.v20180723-1316]
2020-09-12 10:47:19.533 - > Start org.eclipse.emf.ecore [2.15.0.v20180722-1159]
2020-09-12 10:47:19.602 - > Start org.eclipse.emf.ecore.xmi [2.15.0.v20180706-1146]
2020-09-12 10:47:19.796 - > Start org.eclipse.core.resources [3.13.100.v20180828-0158]
2020-09-12 10:47:19.803 - > Start org.eclipse.core.filesystem [1.7.200.v20180828-0158]
2020-09-12 10:47:19.880 - > Start org.eclipse.e4.ui.workbench.addons.swt [1.3.200.v20180828-0227]
2020-09-12 10:47:19.893 - > Start org.eclipse.core.expressions [3.6.200.v20180817-1401]
2020-09-12 10:47:19.910 - > Start org.eclipse.e4.ui.workbench.renderers.swt [0.14.300.v20180828-0227]
2020-09-12 10:47:20.058 - > Start org.eclipse.e4.ui.bindings [0.12.200.v20180828-0227]
2020-09-12 10:47:20.110 - > Start org.eclipse.e4.core.di.extensions [0.15.200.v20180817-1215]
2020-09-12 10:47:20.122 - > Start org.eclipse.ui.ide [3.14.100.v20180828-1350]
2020-09-12 10:47:20.488 - > Start org.eclipse.e4.ui.css.swt [0.13.200.v20180828-0227]
2020-09-12 10:47:20.612 - > Start org.eclipse.e4.ui.css.swt.theme [0.12.100.v20180828-0227]
2020-09-12 10:47:20.706 - > Start org.eclipse.ui.themes [1.2.200.v20180828-1350]
2020-09-12 10:47:21.167 - Initializing DBeaver 5.3.2
2020-09-12 10:47:21.170 - Host plugin: org.jkiss.dbeaver.core.application 5.3.2.201901062110
2020-09-12 10:47:21.174 - Initialize Core...
2020-09-12 10:47:21.190 - Can't find BC security provider. Use default JCE.
2020-09-12 10:47:21.193 - BouncyCastle not registered, using the default JCE provider
2020-09-12 10:47:21.867 - > Start org.eclipse.team.core [3.8.300.v20180827-1041]
2020-09-12 10:47:22.073 - Project 'General' not found in registry
2020-09-12 10:47:22.090 - > Start org.jkiss.dbeaver.ui.navigator [1.0.0.201901062110]
2020-09-12 10:47:22.180 - Total database drivers: 68 (68)
2020-09-12 10:47:22.194 - > Start org.eclipse.equinox.security [1.2.500.v20180827-1235]
2020-09-12 10:47:22.215 - > Start org.eclipse.ui.net [1.3.300.v20180827-1041]
2020-09-12 10:47:22.217 - Proxy service 'org.eclipse.core.net.proxy.IProxyService' loaded
2020-09-12 10:47:22.221 - > Start org.eclipse.core.net [1.3.300.v20180827-1041]
2020-09-12 10:47:22.223 - Core initialized (1049ms)
2020-09-12 10:47:22.298 - Configure workbench window
2020-09-12 10:47:22.308 - > Start org.eclipse.help [3.8.200.v20180821-0700]
2020-09-12 10:47:22.374 - Create actions
2020-09-12 10:47:22.381 - Disable Eclipse action set 'org.eclipse.ui.edit.text.actionSet.annotationNavigation'
2020-09-12 10:47:22.386 - Disable Eclipse action set 'org.eclipse.ui.WorkingSetActionSet'
2020-09-12 10:47:22.430 - > Start org.eclipse.ui.editors [3.11.200.v20180822-1511]
2020-09-12 10:47:22.433 - > Start org.eclipse.core.filebuffers [3.6.300.v20180822-1339]
2020-09-12 10:47:23.255 - > Start org.jkiss.dbeaver.ext.erd [2.0.102.201901062110]
2020-09-12 10:47:23.264 - > Start org.jkiss.dbeaver.ui.editors.sql [1.0.0.201901062110]
2020-09-12 10:47:24.550 - > Start org.jkiss.dbeaver.ui.editors.base [1.0.0.201901062110]
2020-09-12 10:47:25.052 - > Start org.eclipse.search [3.11.300.v20180822-1339]
2020-09-12 10:47:25.102 - > Start org.eclipse.ui.workbench.texteditor [3.11.100.v20180824-1030]
2020-09-12 10:47:25.177 - Initialize workbench window
2020-09-12 10:47:25.184 - Finish initialization
2020-09-12 10:47:25.364 - > Start org.jkiss.dbeaver.ui.editors.data [1.0.0.201901062110]
2020-09-12 10:47:25.461 - > Start org.eclipse.equinox.p2.core [2.5.100.v20180822-1532]
2020-09-12 10:47:25.465 - > Start org.eclipse.equinox.p2.operations [2.5.100.v20180822-1302]
2020-09-12 10:47:25.468 - > Start org.eclipse.equinox.p2.engine [2.6.100.v20180822-1302]
2020-09-12 10:47:25.480 - > Start org.eclipse.equinox.p2.metadata [2.4.100.v20180822-1302]
2020-09-12 10:47:25.510 - > Start org.eclipse.equinox.p2.ui.sdk.scheduler [1.4.100.v20180827-1122]
2020-09-12 10:47:25.514 - > Start org.eclipse.equinox.p2.updatechecker [1.2.100.v20180827-1122]
2020-09-12 10:47:25.524 - > Start org.eclipse.equinox.p2.metadata.repository [1.3.100.v20180822-1302]
2020-09-12 10:47:25.529 - > Start org.eclipse.equinox.p2.repository [2.4.100.v20180822-1354]
2020-09-12 10:47:25.982 - > Start org.eclipse.equinox.p2.ui [2.5.200.v20180822-1357]
2020-09-12 10:47:28.026 - > Start org.jkiss.dbeaver.ext.sample.database [1.0.37.201901062110]
2020-09-12 10:47:28.029 - > Start org.jkiss.dbeaver.ext.ui.tipoftheday [1.0.6.201901062110]
2020-09-12 10:47:28.448 - Open [https://dbeaver.io/product/version.xml]
2020-09-12 10:47:45.268 - > Start org.jkiss.dbeaver.ext.oracle [2.1.85.201901062110]
Sep 12, 2020 10:47:45 AM java.util.prefs.WindowsPreferences <init>
WARNING: Could not open/create prefs root node Software\JavaSoft\Prefs at root 0x80000002. Windows RegCreateKeyEx(...) returned error code 5.
2020-09-12 10:48:39.702 - Connect with 'jdbc:oracle:thin:@//:1521/XE' (oracle_thin-17480000765-3449e3572e1b3512)
2020-09-12 10:48:56.084 - Connection failed (oracle_thin-17480000765-3449e3572e1b3512)
2020-09-12 10:48:56.088 - org.jkiss.dbeaver.model.exec.DBCConnectException: Can't create driver instance
org.jkiss.dbeaver.model.exec.DBCConnectException: Can't create driver instance
	at org.jkiss.dbeaver.model.impl.jdbc.JDBCDataSource.openConnection(JDBCDataSource.java:117)
	at org.jkiss.dbeaver.ext.oracle.model.OracleDataSource.openConnection(OracleDataSource.java:144)
	at org.jkiss.dbeaver.model.impl.jdbc.JDBCExecutionContext.connect(JDBCExecutionContext.java:86)
	at org.jkiss.dbeaver.model.impl.jdbc.JDBCRemoteInstance.initializeMainContext(JDBCRemoteInstance.java:86)
	at org.jkiss.dbeaver.model.impl.jdbc.JDBCRemoteInstance.<init>(JDBCRemoteInstance.java:54)
	at org.jkiss.dbeaver.model.impl.jdbc.JDBCDataSource.initializeRemoteInstance(JDBCDataSource.java:105)
	at org.jkiss.dbeaver.model.impl.jdbc.JDBCDataSource.<init>(JDBCDataSource.java:100)
	at org.jkiss.dbeaver.model.impl.jdbc.JDBCDataSource.<init>(JDBCDataSource.java:89)
	at org.jkiss.dbeaver.ext.oracle.model.OracleDataSource.<init>(OracleDataSource.java:85)
	at org.jkiss.dbeaver.ext.oracle.OracleDataSourceProvider.openDataSource(OracleDataSourceProvider.java:130)
	at org.jkiss.dbeaver.registry.DataSourceDescriptor.connect(DataSourceDescriptor.java:770)
	at org.jkiss.dbeaver.runtime.jobs.ConnectJob.run(ConnectJob.java:70)
	at org.jkiss.dbeaver.ui.dialogs.connection.ConnectionWizard$ConnectionTester.run(ConnectionWizard.java:231)
	at org.jkiss.dbeaver.model.runtime.AbstractJob.run(AbstractJob.java:101)
	at org.eclipse.core.internal.jobs.Worker.run(Worker.java:63)
Caused by: org.jkiss.dbeaver.DBException: Error creating driver 'Oracle' instance.
Most likely required jar files are missing.
You should configure jars in driver settings.

Reason: can't load driver class 'oracle.jdbc.OracleDriver'
	at org.jkiss.dbeaver.registry.driver.DriverDescriptor.loadDriver(DriverDescriptor.java:850)
	at org.jkiss.dbeaver.registry.driver.DriverDescriptor.loadDriver(DriverDescriptor.java:828)
	at org.jkiss.dbeaver.registry.driver.DriverDescriptor.getDriverInstance(DriverDescriptor.java:508)
	at org.jkiss.dbeaver.model.impl.jdbc.JDBCDataSource.getDriverInstance(JDBCDataSource.java:602)
	at org.jkiss.dbeaver.model.impl.jdbc.JDBCDataSource.openConnection(JDBCDataSource.java:115)
	... 14 more
Caused by: java.lang.ClassNotFoundException: oracle.jdbc.OracleDriver
	at java.net.URLClassLoader.findClass(URLClassLoader.java:381)
	at java.lang.ClassLoader.loadClass(ClassLoader.java:424)
	at java.lang.ClassLoader.loadClass(ClassLoader.java:357)
	at java.lang.Class.forName0(Native Method)
	at java.lang.Class.forName(Class.java:348)
	at org.jkiss.dbeaver.registry.driver.DriverDescriptor.loadDriver(DriverDescriptor.java:848)
	... 18 more
2020-09-12 10:49:09.729 - > Start org.eclipse.compare.core [3.6.300.v20180827-1041]
2020-09-12 10:49:10.719 - Connect with 'Oracle - XE' (oracle_thin-1747fff334a-21fc443929ce16e9)
2020-09-12 10:51:52.135 - Connection failed (oracle_thin-1747fff334a-21fc443929ce16e9)
2020-09-12 10:51:52.137 - org.jkiss.dbeaver.model.exec.DBCConnectException: Can't create driver instance
org.jkiss.dbeaver.model.exec.DBCConnectException: Can't create driver instance
	at org.jkiss.dbeaver.model.impl.jdbc.JDBCDataSource.openConnection(JDBCDataSource.java:117)
	at org.jkiss.dbeaver.ext.oracle.model.OracleDataSource.openConnection(OracleDataSource.java:144)
	at org.jkiss.dbeaver.model.impl.jdbc.JDBCExecutionContext.connect(JDBCExecutionContext.java:86)
	at org.jkiss.dbeaver.model.impl.jdbc.JDBCRemoteInstance.initializeMainContext(JDBCRemoteInstance.java:86)
	at org.jkiss.dbeaver.model.impl.jdbc.JDBCRemoteInstance.<init>(JDBCRemoteInstance.java:54)
	at org.jkiss.dbeaver.model.impl.jdbc.JDBCDataSource.initializeRemoteInstance(JDBCDataSource.java:105)
	at org.jkiss.dbeaver.model.impl.jdbc.JDBCDataSource.<init>(JDBCDataSource.java:100)
	at org.jkiss.dbeaver.model.impl.jdbc.JDBCDataSource.<init>(JDBCDataSource.java:89)
	at org.jkiss.dbeaver.ext.oracle.model.OracleDataSource.<init>(OracleDataSource.java:85)
	at org.jkiss.dbeaver.ext.oracle.OracleDataSourceProvider.openDataSource(OracleDataSourceProvider.java:130)
	at org.jkiss.dbeaver.registry.DataSourceDescriptor.connect(DataSourceDescriptor.java:770)
	at org.jkiss.dbeaver.runtime.jobs.ConnectJob.run(ConnectJob.java:70)
	at org.jkiss.dbeaver.model.runtime.AbstractJob.run(AbstractJob.java:101)
	at org.eclipse.core.internal.jobs.Worker.run(Worker.java:63)
Caused by: org.jkiss.dbeaver.DBException: Error creating driver 'Oracle' instance.
Most likely required jar files are missing.
You should configure jars in driver settings.

Reason: can't load driver class 'oracle.jdbc.OracleDriver'
	at org.jkiss.dbeaver.registry.driver.DriverDescriptor.loadDriver(DriverDescriptor.java:850)
	at org.jkiss.dbeaver.registry.driver.DriverDescriptor.loadDriver(DriverDescriptor.java:828)
	at org.jkiss.dbeaver.registry.driver.DriverDescriptor.getDriverInstance(DriverDescriptor.java:508)
	at org.jkiss.dbeaver.model.impl.jdbc.JDBCDataSource.getDriverInstance(JDBCDataSource.java:602)
	at org.jkiss.dbeaver.model.impl.jdbc.JDBCDataSource.openConnection(JDBCDataSource.java:115)
	... 13 more
Caused by: java.lang.ClassNotFoundException: oracle.jdbc.OracleDriver
	at java.net.URLClassLoader.findClass(URLClassLoader.java:381)
	at java.lang.ClassLoader.loadClass(ClassLoader.java:424)
	at java.lang.ClassLoader.loadClass(ClassLoader.java:357)
	at java.lang.Class.forName0(Native Method)
	at java.lang.Class.forName(Class.java:348)
	at org.jkiss.dbeaver.registry.driver.DriverDescriptor.loadDriver(DriverDescriptor.java:848)
	... 17 more
2020-09-12 10:52:18.329 - Datasource user 'org.jkiss.dbeaver.ui.editors.sql.SQLEditor@3fa57aa8' already registered in datasource 'Oracle - XE'
2020-09-12 10:52:18.373 - Connect with 'Oracle - XE' (oracle_thin-1747fff334a-21fc443929ce16e9)
2020-09-12 10:52:18.379 - Connection failed (oracle_thin-1747fff334a-21fc443929ce16e9)
2020-09-12 10:52:18.382 - org.jkiss.dbeaver.model.exec.DBCConnectException: Can't create driver instance
org.jkiss.dbeaver.model.exec.DBCConnectException: Can't create driver instance
	at org.jkiss.dbeaver.model.impl.jdbc.JDBCDataSource.openConnection(JDBCDataSource.java:117)
	at org.jkiss.dbeaver.ext.oracle.model.OracleDataSource.openConnection(OracleDataSource.java:144)
	at org.jkiss.dbeaver.model.impl.jdbc.JDBCExecutionContext.connect(JDBCExecutionContext.java:86)
	at org.jkiss.dbeaver.model.impl.jdbc.JDBCRemoteInstance.initializeMainContext(JDBCRemoteInstance.java:86)
	at org.jkiss.dbeaver.model.impl.jdbc.JDBCRemoteInstance.<init>(JDBCRemoteInstance.java:54)
	at org.jkiss.dbeaver.model.impl.jdbc.JDBCDataSource.initializeRemoteInstance(JDBCDataSource.java:105)
	at org.jkiss.dbeaver.model.impl.jdbc.JDBCDataSource.<init>(JDBCDataSource.java:100)
	at org.jkiss.dbeaver.model.impl.jdbc.JDBCDataSource.<init>(JDBCDataSource.java:89)
	at org.jkiss.dbeaver.ext.oracle.model.OracleDataSource.<init>(OracleDataSource.java:85)
	at org.jkiss.dbeaver.ext.oracle.OracleDataSourceProvider.openDataSource(OracleDataSourceProvider.java:130)
	at org.jkiss.dbeaver.registry.DataSourceDescriptor.connect(DataSourceDescriptor.java:770)
	at org.jkiss.dbeaver.runtime.jobs.ConnectJob.run(ConnectJob.java:70)
	at org.jkiss.dbeaver.model.runtime.AbstractJob.run(AbstractJob.java:101)
	at org.eclipse.core.internal.jobs.Worker.run(Worker.java:63)
Caused by: org.jkiss.dbeaver.DBException: Error creating driver 'Oracle' instance.
Most likely required jar files are missing.
You should configure jars in driver settings.

Reason: can't load driver class 'oracle.jdbc.OracleDriver'
	at org.jkiss.dbeaver.registry.driver.DriverDescriptor.loadDriver(DriverDescriptor.java:850)
	at org.jkiss.dbeaver.registry.driver.DriverDescriptor.loadDriver(DriverDescriptor.java:828)
	at org.jkiss.dbeaver.registry.driver.DriverDescriptor.getDriverInstance(DriverDescriptor.java:508)
	at org.jkiss.dbeaver.model.impl.jdbc.JDBCDataSource.getDriverInstance(JDBCDataSource.java:602)
	at org.jkiss.dbeaver.model.impl.jdbc.JDBCDataSource.openConnection(JDBCDataSource.java:115)
	... 13 more
Caused by: java.lang.ClassNotFoundException: oracle.jdbc.OracleDriver
	at java.net.URLClassLoader.findClass(URLClassLoader.java:381)
	at java.lang.ClassLoader.loadClass(ClassLoader.java:424)
	at java.lang.ClassLoader.loadClass(ClassLoader.java:357)
	at java.lang.Class.forName0(Native Method)
	at java.lang.Class.forName(Class.java:348)
	at org.jkiss.dbeaver.registry.driver.DriverDescriptor.loadDriver(DriverDescriptor.java:848)
	... 17 more
2020-09-12 10:52:52.233 - Connect with 'jdbc:oracle:thin:@//1234:1521/1234' (oracle_thin-1748003e1e7-712e109d13428c29)
2020-09-12 10:52:52.240 - Connection failed (oracle_thin-1748003e1e7-712e109d13428c29)
2020-09-12 10:52:52.242 - org.jkiss.dbeaver.model.exec.DBCConnectException: Can't create driver instance
org.jkiss.dbeaver.model.exec.DBCConnectException: Can't create driver instance
	at org.jkiss.dbeaver.model.impl.jdbc.JDBCDataSource.openConnection(JDBCDataSource.java:117)
	at org.jkiss.dbeaver.ext.oracle.model.OracleDataSource.openConnection(OracleDataSource.java:144)
	at org.jkiss.dbeaver.model.impl.jdbc.JDBCExecutionContext.connect(JDBCExecutionContext.java:86)
	at org.jkiss.dbeaver.model.impl.jdbc.JDBCRemoteInstance.initializeMainContext(JDBCRemoteInstance.java:86)
	at org.jkiss.dbeaver.model.impl.jdbc.JDBCRemoteInstance.<init>(JDBCRemoteInstance.java:54)
	at org.jkiss.dbeaver.model.impl.jdbc.JDBCDataSource.initializeRemoteInstance(JDBCDataSource.java:105)
	at org.jkiss.dbeaver.model.impl.jdbc.JDBCDataSource.<init>(JDBCDataSource.java:100)
	at org.jkiss.dbeaver.model.impl.jdbc.JDBCDataSource.<init>(JDBCDataSource.java:89)
	at org.jkiss.dbeaver.ext.oracle.model.OracleDataSource.<init>(OracleDataSource.java:85)
	at org.jkiss.dbeaver.ext.oracle.OracleDataSourceProvider.openDataSource(OracleDataSourceProvider.java:130)
	at org.jkiss.dbeaver.registry.DataSourceDescriptor.connect(DataSourceDescriptor.java:770)
	at org.jkiss.dbeaver.runtime.jobs.ConnectJob.run(ConnectJob.java:70)
	at org.jkiss.dbeaver.ui.dialogs.connection.ConnectionWizard$ConnectionTester.run(ConnectionWizard.java:231)
	at org.jkiss.dbeaver.model.runtime.AbstractJob.run(AbstractJob.java:101)
	at org.eclipse.core.internal.jobs.Worker.run(Worker.java:63)
Caused by: org.jkiss.dbeaver.DBException: Error creating driver 'Oracle' instance.
Most likely required jar files are missing.
You should configure jars in driver settings.

Reason: can't load driver class 'oracle.jdbc.OracleDriver'
	at org.jkiss.dbeaver.registry.driver.DriverDescriptor.loadDriver(DriverDescriptor.java:850)
	at org.jkiss.dbeaver.registry.driver.DriverDescriptor.loadDriver(DriverDescriptor.java:828)
	at org.jkiss.dbeaver.registry.driver.DriverDescriptor.getDriverInstance(DriverDescriptor.java:508)
	at org.jkiss.dbeaver.model.impl.jdbc.JDBCDataSource.getDriverInstance(JDBCDataSource.java:602)
	at org.jkiss.dbeaver.model.impl.jdbc.JDBCDataSource.openConnection(JDBCDataSource.java:115)
	... 14 more
Caused by: java.lang.ClassNotFoundException: oracle.jdbc.OracleDriver
	at java.net.URLClassLoader.findClass(URLClassLoader.java:381)
	at java.lang.ClassLoader.loadClass(ClassLoader.java:424)
	at java.lang.ClassLoader.loadClass(ClassLoader.java:357)
	at java.lang.Class.forName0(Native Method)
	at java.lang.Class.forName(Class.java:348)
	at org.jkiss.dbeaver.registry.driver.DriverDescriptor.loadDriver(DriverDescriptor.java:848)
	... 18 more
2020-09-12 10:52:56.105 - Connect with 'jdbc:oracle:thin:@//1234:1521/1234' (oracle_thin-1748003f109-492d4944a0692c8f)
2020-09-12 10:52:56.111 - Connection failed (oracle_thin-1748003f109-492d4944a0692c8f)
2020-09-12 10:52:56.114 - org.jkiss.dbeaver.model.exec.DBCConnectException: Can't create driver instance
org.jkiss.dbeaver.model.exec.DBCConnectException: Can't create driver instance
	at org.jkiss.dbeaver.model.impl.jdbc.JDBCDataSource.openConnection(JDBCDataSource.java:117)
	at org.jkiss.dbeaver.ext.oracle.model.OracleDataSource.openConnection(OracleDataSource.java:144)
	at org.jkiss.dbeaver.model.impl.jdbc.JDBCExecutionContext.connect(JDBCExecutionContext.java:86)
	at org.jkiss.dbeaver.model.impl.jdbc.JDBCRemoteInstance.initializeMainContext(JDBCRemoteInstance.java:86)
	at org.jkiss.dbeaver.model.impl.jdbc.JDBCRemoteInstance.<init>(JDBCRemoteInstance.java:54)
	at org.jkiss.dbeaver.model.impl.jdbc.JDBCDataSource.initializeRemoteInstance(JDBCDataSource.java:105)
	at org.jkiss.dbeaver.model.impl.jdbc.JDBCDataSource.<init>(JDBCDataSource.java:100)
	at org.jkiss.dbeaver.model.impl.jdbc.JDBCDataSource.<init>(JDBCDataSource.java:89)
	at org.jkiss.dbeaver.ext.oracle.model.OracleDataSource.<init>(OracleDataSource.java:85)
	at org.jkiss.dbeaver.ext.oracle.OracleDataSourceProvider.openDataSource(OracleDataSourceProvider.java:130)
	at org.jkiss.dbeaver.registry.DataSourceDescriptor.connect(DataSourceDescriptor.java:770)
	at org.jkiss.dbeaver.runtime.jobs.ConnectJob.run(ConnectJob.java:70)
	at org.jkiss.dbeaver.ui.dialogs.connection.ConnectionWizard$ConnectionTester.run(ConnectionWizard.java:231)
	at org.jkiss.dbeaver.model.runtime.AbstractJob.run(AbstractJob.java:101)
	at org.eclipse.core.internal.jobs.Worker.run(Worker.java:63)
Caused by: org.jkiss.dbeaver.DBException: Error creating driver 'Oracle' instance.
Most likely required jar files are missing.
You should configure jars in driver settings.

Reason: can't load driver class 'oracle.jdbc.OracleDriver'
	at org.jkiss.dbeaver.registry.driver.DriverDescriptor.loadDriver(DriverDescriptor.java:850)
	at org.jkiss.dbeaver.registry.driver.DriverDescriptor.loadDriver(DriverDescriptor.java:828)
	at org.jkiss.dbeaver.registry.driver.DriverDescriptor.getDriverInstance(DriverDescriptor.java:508)
	at org.jkiss.dbeaver.model.impl.jdbc.JDBCDataSource.getDriverInstance(JDBCDataSource.java:602)
	at org.jkiss.dbeaver.model.impl.jdbc.JDBCDataSource.openConnection(JDBCDataSource.java:115)
	... 14 more
Caused by: java.lang.ClassNotFoundException: oracle.jdbc.OracleDriver
	at java.net.URLClassLoader.findClass(URLClassLoader.java:381)
	at java.lang.ClassLoader.loadClass(ClassLoader.java:424)
	at java.lang.ClassLoader.loadClass(ClassLoader.java:357)
	at java.lang.Class.forName0(Native Method)
	at java.lang.Class.forName(Class.java:348)
	at org.jkiss.dbeaver.registry.driver.DriverDescriptor.loadDriver(DriverDescriptor.java:848)
	... 18 more
2020-09-12 10:53:23.940 - Connect with 'Oracle - XE' (oracle_thin-1748003885a-2d196b341e7c2f67)
2020-09-12 10:53:23.947 - Connection failed (oracle_thin-1748003885a-2d196b341e7c2f67)
2020-09-12 10:53:23.950 - org.jkiss.dbeaver.model.exec.DBCConnectException: Can't create driver instance
org.jkiss.dbeaver.model.exec.DBCConnectException: Can't create driver instance
	at org.jkiss.dbeaver.model.impl.jdbc.JDBCDataSource.openConnection(JDBCDataSource.java:117)
	at org.jkiss.dbeaver.ext.oracle.model.OracleDataSource.openConnection(OracleDataSource.java:144)
	at org.jkiss.dbeaver.model.impl.jdbc.JDBCExecutionContext.connect(JDBCExecutionContext.java:86)
	at org.jkiss.dbeaver.model.impl.jdbc.JDBCRemoteInstance.initializeMainContext(JDBCRemoteInstance.java:86)
	at org.jkiss.dbeaver.model.impl.jdbc.JDBCRemoteInstance.<init>(JDBCRemoteInstance.java:54)
	at org.jkiss.dbeaver.model.impl.jdbc.JDBCDataSource.initializeRemoteInstance(JDBCDataSource.java:105)
	at org.jkiss.dbeaver.model.impl.jdbc.JDBCDataSource.<init>(JDBCDataSource.java:100)
	at org.jkiss.dbeaver.model.impl.jdbc.JDBCDataSource.<init>(JDBCDataSource.java:89)
	at org.jkiss.dbeaver.ext.oracle.model.OracleDataSource.<init>(OracleDataSource.java:85)
	at org.jkiss.dbeaver.ext.oracle.OracleDataSourceProvider.openDataSource(OracleDataSourceProvider.java:130)
	at org.jkiss.dbeaver.registry.DataSourceDescriptor.connect(DataSourceDescriptor.java:770)
	at org.jkiss.dbeaver.runtime.jobs.ConnectJob.run(ConnectJob.java:70)
	at org.jkiss.dbeaver.runtime.jobs.ConnectJob.runSync(ConnectJob.java:98)
	at org.jkiss.dbeaver.ui.actions.datasource.DataSourceHandler.connectToDataSource(DataSourceHandler.java:107)
	at org.jkiss.dbeaver.registry.DataSourceDescriptor.initConnection(DataSourceDescriptor.java:665)
	at org.jkiss.dbeaver.model.navigator.DBNDataSource.initializeNode(DBNDataSource.java:147)
	at org.jkiss.dbeaver.model.navigator.DBNDatabaseNode.getChildren(DBNDatabaseNode.java:204)
	at org.jkiss.dbeaver.model.navigator.DBNDatabaseNode.getChildren(DBNDatabaseNode.java:1)
	at org.jkiss.dbeaver.ui.navigator.NavigatorUtils.getNodeChildrenFiltered(NavigatorUtils.java:560)
	at org.jkiss.dbeaver.ui.navigator.database.load.TreeLoadService.evaluate(TreeLoadService.java:49)
	at org.jkiss.dbeaver.ui.navigator.database.load.TreeLoadService.evaluate(TreeLoadService.java:1)
	at org.jkiss.dbeaver.ui.LoadingJob.run(LoadingJob.java:86)
	at org.jkiss.dbeaver.ui.LoadingJob.run(LoadingJob.java:71)
	at org.jkiss.dbeaver.model.runtime.AbstractJob.run(AbstractJob.java:101)
	at org.eclipse.core.internal.jobs.Worker.run(Worker.java:63)
Caused by: org.jkiss.dbeaver.DBException: Error creating driver 'Oracle' instance.
Most likely required jar files are missing.
You should configure jars in driver settings.

Reason: can't load driver class 'oracle.jdbc.OracleDriver'
	at org.jkiss.dbeaver.registry.driver.DriverDescriptor.loadDriver(DriverDescriptor.java:850)
	at org.jkiss.dbeaver.registry.driver.DriverDescriptor.loadDriver(DriverDescriptor.java:828)
	at org.jkiss.dbeaver.registry.driver.DriverDescriptor.getDriverInstance(DriverDescriptor.java:508)
	at org.jkiss.dbeaver.model.impl.jdbc.JDBCDataSource.getDriverInstance(JDBCDataSource.java:602)
	at org.jkiss.dbeaver.model.impl.jdbc.JDBCDataSource.openConnection(JDBCDataSource.java:115)
	... 24 more
Caused by: java.lang.ClassNotFoundException: oracle.jdbc.OracleDriver
	at java.net.URLClassLoader.findClass(URLClassLoader.java:381)
	at java.lang.ClassLoader.loadClass(ClassLoader.java:424)
	at java.lang.ClassLoader.loadClass(ClassLoader.java:357)
	at java.lang.Class.forName0(Native Method)
	at java.lang.Class.forName(Class.java:348)
	at org.jkiss.dbeaver.registry.driver.DriverDescriptor.loadDriver(DriverDescriptor.java:848)
	... 28 more
2020-09-12 10:53:29.109 - Connect with 'Oracle - XE' (oracle_thin-1748003885a-2d196b341e7c2f67)
2020-09-12 10:53:29.114 - Connection failed (oracle_thin-1748003885a-2d196b341e7c2f67)
2020-09-12 10:53:29.117 - org.jkiss.dbeaver.model.exec.DBCConnectException: Can't create driver instance
org.jkiss.dbeaver.model.exec.DBCConnectException: Can't create driver instance
	at org.jkiss.dbeaver.model.impl.jdbc.JDBCDataSource.openConnection(JDBCDataSource.java:117)
	at org.jkiss.dbeaver.ext.oracle.model.OracleDataSource.openConnection(OracleDataSource.java:144)
	at org.jkiss.dbeaver.model.impl.jdbc.JDBCExecutionContext.connect(JDBCExecutionContext.java:86)
	at org.jkiss.dbeaver.model.impl.jdbc.JDBCRemoteInstance.initializeMainContext(JDBCRemoteInstance.java:86)
	at org.jkiss.dbeaver.model.impl.jdbc.JDBCRemoteInstance.<init>(JDBCRemoteInstance.java:54)
	at org.jkiss.dbeaver.model.impl.jdbc.JDBCDataSource.initializeRemoteInstance(JDBCDataSource.java:105)
	at org.jkiss.dbeaver.model.impl.jdbc.JDBCDataSource.<init>(JDBCDataSource.java:100)
	at org.jkiss.dbeaver.model.impl.jdbc.JDBCDataSource.<init>(JDBCDataSource.java:89)
	at org.jkiss.dbeaver.ext.oracle.model.OracleDataSource.<init>(OracleDataSource.java:85)
	at org.jkiss.dbeaver.ext.oracle.OracleDataSourceProvider.openDataSource(OracleDataSourceProvider.java:130)
	at org.jkiss.dbeaver.registry.DataSourceDescriptor.connect(DataSourceDescriptor.java:770)
	at org.jkiss.dbeaver.runtime.jobs.ConnectJob.run(ConnectJob.java:70)
	at org.jkiss.dbeaver.runtime.jobs.ConnectJob.runSync(ConnectJob.java:98)
	at org.jkiss.dbeaver.ui.actions.datasource.DataSourceHandler.connectToDataSource(DataSourceHandler.java:107)
	at org.jkiss.dbeaver.registry.DataSourceDescriptor.initConnection(DataSourceDescriptor.java:665)
	at org.jkiss.dbeaver.model.navigator.DBNDataSource.initializeNode(DBNDataSource.java:147)
	at org.jkiss.dbeaver.model.navigator.DBNDatabaseNode.getChildren(DBNDatabaseNode.java:204)
	at org.jkiss.dbeaver.model.navigator.DBNDatabaseNode.getChildren(DBNDatabaseNode.java:1)
	at org.jkiss.dbeaver.ui.navigator.NavigatorUtils.getNodeChildrenFiltered(NavigatorUtils.java:560)
	at org.jkiss.dbeaver.ui.navigator.database.load.TreeLoadService.evaluate(TreeLoadService.java:49)
	at org.jkiss.dbeaver.ui.navigator.database.load.TreeLoadService.evaluate(TreeLoadService.java:1)
	at org.jkiss.dbeaver.ui.LoadingJob.run(LoadingJob.java:86)
	at org.jkiss.dbeaver.ui.LoadingJob.run(LoadingJob.java:71)
	at org.jkiss.dbeaver.model.runtime.AbstractJob.run(AbstractJob.java:101)
	at org.eclipse.core.internal.jobs.Worker.run(Worker.java:63)
Caused by: org.jkiss.dbeaver.DBException: Error creating driver 'Oracle' instance.
Most likely required jar files are missing.
You should configure jars in driver settings.

Reason: can't load driver class 'oracle.jdbc.OracleDriver'
	at org.jkiss.dbeaver.registry.driver.DriverDescriptor.loadDriver(DriverDescriptor.java:850)
	at org.jkiss.dbeaver.registry.driver.DriverDescriptor.loadDriver(DriverDescriptor.java:828)
	at org.jkiss.dbeaver.registry.driver.DriverDescriptor.getDriverInstance(DriverDescriptor.java:508)
	at org.jkiss.dbeaver.model.impl.jdbc.JDBCDataSource.getDriverInstance(JDBCDataSource.java:602)
	at org.jkiss.dbeaver.model.impl.jdbc.JDBCDataSource.openConnection(JDBCDataSource.java:115)
	... 24 more
Caused by: java.lang.ClassNotFoundException: oracle.jdbc.OracleDriver
	at java.net.URLClassLoader.findClass(URLClassLoader.java:381)
	at java.lang.ClassLoader.loadClass(ClassLoader.java:424)
	at java.lang.ClassLoader.loadClass(ClassLoader.java:357)
	at java.lang.Class.forName0(Native Method)
	at java.lang.Class.forName(Class.java:348)
	at org.jkiss.dbeaver.registry.driver.DriverDescriptor.loadDriver(DriverDescriptor.java:848)
	... 28 more
2020-09-12 10:53:31.844 - Connect with 'Oracle - XE' (oracle_thin-1748003885a-2d196b341e7c2f67)
2020-09-12 10:53:31.851 - Connection failed (oracle_thin-1748003885a-2d196b341e7c2f67)
2020-09-12 10:53:31.853 - org.jkiss.dbeaver.model.exec.DBCConnectException: Can't create driver instance
org.jkiss.dbeaver.model.exec.DBCConnectException: Can't create driver instance
	at org.jkiss.dbeaver.model.impl.jdbc.JDBCDataSource.openConnection(JDBCDataSource.java:117)
	at org.jkiss.dbeaver.ext.oracle.model.OracleDataSource.openConnection(OracleDataSource.java:144)
	at org.jkiss.dbeaver.model.impl.jdbc.JDBCExecutionContext.connect(JDBCExecutionContext.java:86)
	at org.jkiss.dbeaver.model.impl.jdbc.JDBCRemoteInstance.initializeMainContext(JDBCRemoteInstance.java:86)
	at org.jkiss.dbeaver.model.impl.jdbc.JDBCRemoteInstance.<init>(JDBCRemoteInstance.java:54)
	at org.jkiss.dbeaver.model.impl.jdbc.JDBCDataSource.initializeRemoteInstance(JDBCDataSource.java:105)
	at org.jkiss.dbeaver.model.impl.jdbc.JDBCDataSource.<init>(JDBCDataSource.java:100)
	at org.jkiss.dbeaver.model.impl.jdbc.JDBCDataSource.<init>(JDBCDataSource.java:89)
	at org.jkiss.dbeaver.ext.oracle.model.OracleDataSource.<init>(OracleDataSource.java:85)
	at org.jkiss.dbeaver.ext.oracle.OracleDataSourceProvider.openDataSource(OracleDataSourceProvider.java:130)
	at org.jkiss.dbeaver.registry.DataSourceDescriptor.connect(DataSourceDescriptor.java:770)
	at org.jkiss.dbeaver.runtime.jobs.ConnectJob.run(ConnectJob.java:70)
	at org.jkiss.dbeaver.runtime.jobs.ConnectJob.runSync(ConnectJob.java:98)
	at org.jkiss.dbeaver.ui.actions.datasource.DataSourceHandler.connectToDataSource(DataSourceHandler.java:107)
	at org.jkiss.dbeaver.registry.DataSourceDescriptor.initConnection(DataSourceDescriptor.java:665)
	at org.jkiss.dbeaver.model.navigator.DBNDataSource.initializeNode(DBNDataSource.java:147)
	at org.jkiss.dbeaver.model.navigator.DBNDatabaseNode.getChildren(DBNDatabaseNode.java:204)
	at org.jkiss.dbeaver.model.navigator.DBNDatabaseNode.getChildren(DBNDatabaseNode.java:1)
	at org.jkiss.dbeaver.ui.navigator.NavigatorUtils.getNodeChildrenFiltered(NavigatorUtils.java:560)
	at org.jkiss.dbeaver.ui.navigator.database.load.TreeLoadService.evaluate(TreeLoadService.java:49)
	at org.jkiss.dbeaver.ui.navigator.database.load.TreeLoadService.evaluate(TreeLoadService.java:1)
	at org.jkiss.dbeaver.ui.LoadingJob.run(LoadingJob.java:86)
	at org.jkiss.dbeaver.ui.LoadingJob.run(LoadingJob.java:71)
	at org.jkiss.dbeaver.model.runtime.AbstractJob.run(AbstractJob.java:101)
	at org.eclipse.core.internal.jobs.Worker.run(Worker.java:63)
Caused by: org.jkiss.dbeaver.DBException: Error creating driver 'Oracle' instance.
Most likely required jar files are missing.
You should configure jars in driver settings.

Reason: can't load driver class 'oracle.jdbc.OracleDriver'
	at org.jkiss.dbeaver.registry.driver.DriverDescriptor.loadDriver(DriverDescriptor.java:850)
	at org.jkiss.dbeaver.registry.driver.DriverDescriptor.loadDriver(DriverDescriptor.java:828)
	at org.jkiss.dbeaver.registry.driver.DriverDescriptor.getDriverInstance(DriverDescriptor.java:508)
	at org.jkiss.dbeaver.model.impl.jdbc.JDBCDataSource.getDriverInstance(JDBCDataSource.java:602)
	at org.jkiss.dbeaver.model.impl.jdbc.JDBCDataSource.openConnection(JDBCDataSource.java:115)
	... 24 more
Caused by: java.lang.ClassNotFoundException: oracle.jdbc.OracleDriver
	at java.net.URLClassLoader.findClass(URLClassLoader.java:381)
	at java.lang.ClassLoader.loadClass(ClassLoader.java:424)
	at java.lang.ClassLoader.loadClass(ClassLoader.java:357)
	at java.lang.Class.forName0(Native Method)
	at java.lang.Class.forName(Class.java:348)
	at org.jkiss.dbeaver.registry.driver.DriverDescriptor.loadDriver(DriverDescriptor.java:848)
	... 28 more
2020-09-12 10:54:19.816 - Connect with 'jdbc:oracle:thin:@//:1521/XE' (oracle_thin-17480053808-6bb4348d5ae4b691)
2020-09-12 10:54:19.825 - Connection failed (oracle_thin-17480053808-6bb4348d5ae4b691)
2020-09-12 10:54:19.827 - org.jkiss.dbeaver.model.exec.DBCConnectException: Can't create driver instance
org.jkiss.dbeaver.model.exec.DBCConnectException: Can't create driver instance
	at org.jkiss.dbeaver.model.impl.jdbc.JDBCDataSource.openConnection(JDBCDataSource.java:117)
	at org.jkiss.dbeaver.ext.oracle.model.OracleDataSource.openConnection(OracleDataSource.java:144)
	at org.jkiss.dbeaver.model.impl.jdbc.JDBCExecutionContext.connect(JDBCExecutionContext.java:86)
	at org.jkiss.dbeaver.model.impl.jdbc.JDBCRemoteInstance.initializeMainContext(JDBCRemoteInstance.java:86)
	at org.jkiss.dbeaver.model.impl.jdbc.JDBCRemoteInstance.<init>(JDBCRemoteInstance.java:54)
	at org.jkiss.dbeaver.model.impl.jdbc.JDBCDataSource.initializeRemoteInstance(JDBCDataSource.java:105)
	at org.jkiss.dbeaver.model.impl.jdbc.JDBCDataSource.<init>(JDBCDataSource.java:100)
	at org.jkiss.dbeaver.model.impl.jdbc.JDBCDataSource.<init>(JDBCDataSource.java:89)
	at org.jkiss.dbeaver.ext.oracle.model.OracleDataSource.<init>(OracleDataSource.java:85)
	at org.jkiss.dbeaver.ext.oracle.OracleDataSourceProvider.openDataSource(OracleDataSourceProvider.java:130)
	at org.jkiss.dbeaver.registry.DataSourceDescriptor.connect(DataSourceDescriptor.java:770)
	at org.jkiss.dbeaver.runtime.jobs.ConnectJob.run(ConnectJob.java:70)
	at org.jkiss.dbeaver.ui.dialogs.connection.ConnectionWizard$ConnectionTester.run(ConnectionWizard.java:231)
	at org.jkiss.dbeaver.model.runtime.AbstractJob.run(AbstractJob.java:101)
	at org.eclipse.core.internal.jobs.Worker.run(Worker.java:63)
Caused by: org.jkiss.dbeaver.DBException: Error creating driver 'Oracle' instance.
Most likely required jar files are missing.
You should configure jars in driver settings.

Reason: can't load driver class 'oracle.jdbc.OracleDriver'
	at org.jkiss.dbeaver.registry.driver.DriverDescriptor.loadDriver(DriverDescriptor.java:850)
	at org.jkiss.dbeaver.registry.driver.DriverDescriptor.loadDriver(DriverDescriptor.java:828)
	at org.jkiss.dbeaver.registry.driver.DriverDescriptor.getDriverInstance(DriverDescriptor.java:508)
	at org.jkiss.dbeaver.model.impl.jdbc.JDBCDataSource.getDriverInstance(JDBCDataSource.java:602)
	at org.jkiss.dbeaver.model.impl.jdbc.JDBCDataSource.openConnection(JDBCDataSource.java:115)
	... 14 more
Caused by: java.lang.ClassNotFoundException: oracle.jdbc.OracleDriver
	at java.net.URLClassLoader.findClass(URLClassLoader.java:381)
	at java.lang.ClassLoader.loadClass(ClassLoader.java:424)
	at java.lang.ClassLoader.loadClass(ClassLoader.java:357)
	at java.lang.Class.forName0(Native Method)
	at java.lang.Class.forName(Class.java:348)
	at org.jkiss.dbeaver.registry.driver.DriverDescriptor.loadDriver(DriverDescriptor.java:848)
	... 18 more
2020-09-12 10:56:24.390 - Connect with 'jdbc:oracle:thin:@//localhost:1521/XE' (oracle_thin-17480071ea6-89e644d1e7ab678)
2020-09-12 10:56:40.102 - Connection failed (oracle_thin-17480071ea6-89e644d1e7ab678)
2020-09-12 10:56:40.104 - org.jkiss.dbeaver.model.exec.DBCConnectException: Can't create driver instance
org.jkiss.dbeaver.model.exec.DBCConnectException: Can't create driver instance
	at org.jkiss.dbeaver.model.impl.jdbc.JDBCDataSource.openConnection(JDBCDataSource.java:117)
	at org.jkiss.dbeaver.ext.oracle.model.OracleDataSource.openConnection(OracleDataSource.java:144)
	at org.jkiss.dbeaver.model.impl.jdbc.JDBCExecutionContext.connect(JDBCExecutionContext.java:86)
	at org.jkiss.dbeaver.model.impl.jdbc.JDBCRemoteInstance.initializeMainContext(JDBCRemoteInstance.java:86)
	at org.jkiss.dbeaver.model.impl.jdbc.JDBCRemoteInstance.<init>(JDBCRemoteInstance.java:54)
	at org.jkiss.dbeaver.model.impl.jdbc.JDBCDataSource.initializeRemoteInstance(JDBCDataSource.java:105)
	at org.jkiss.dbeaver.model.impl.jdbc.JDBCDataSource.<init>(JDBCDataSource.java:100)
	at org.jkiss.dbeaver.model.impl.jdbc.JDBCDataSource.<init>(JDBCDataSource.java:89)
	at org.jkiss.dbeaver.ext.oracle.model.OracleDataSource.<init>(OracleDataSource.java:85)
	at org.jkiss.dbeaver.ext.oracle.OracleDataSourceProvider.openDataSource(OracleDataSourceProvider.java:130)
	at org.jkiss.dbeaver.registry.DataSourceDescriptor.connect(DataSourceDescriptor.java:770)
	at org.jkiss.dbeaver.runtime.jobs.ConnectJob.run(ConnectJob.java:70)
	at org.jkiss.dbeaver.ui.dialogs.connection.ConnectionWizard$ConnectionTester.run(ConnectionWizard.java:231)
	at org.jkiss.dbeaver.model.runtime.AbstractJob.run(AbstractJob.java:101)
	at org.eclipse.core.internal.jobs.Worker.run(Worker.java:63)
Caused by: org.jkiss.dbeaver.DBException: Error creating driver 'Oracle' instance.
Most likely required jar files are missing.
You should configure jars in driver settings.

Reason: can't load driver class 'oracle.jdbc.OracleDriver'
	at org.jkiss.dbeaver.registry.driver.DriverDescriptor.loadDriver(DriverDescriptor.java:850)
	at org.jkiss.dbeaver.registry.driver.DriverDescriptor.loadDriver(DriverDescriptor.java:828)
	at org.jkiss.dbeaver.registry.driver.DriverDescriptor.getDriverInstance(DriverDescriptor.java:508)
	at org.jkiss.dbeaver.model.impl.jdbc.JDBCDataSource.getDriverInstance(JDBCDataSource.java:602)
	at org.jkiss.dbeaver.model.impl.jdbc.JDBCDataSource.openConnection(JDBCDataSource.java:115)
	... 14 more
Caused by: java.lang.ClassNotFoundException: oracle.jdbc.OracleDriver
	at java.net.URLClassLoader.findClass(URLClassLoader.java:381)
	at java.lang.ClassLoader.loadClass(ClassLoader.java:424)
	at java.lang.ClassLoader.loadClass(ClassLoader.java:357)
	at java.lang.Class.forName0(Native Method)
	at java.lang.Class.forName(Class.java:348)
	at org.jkiss.dbeaver.registry.driver.DriverDescriptor.loadDriver(DriverDescriptor.java:848)
	... 18 more
2020-09-12 10:56:43.679 - Connect with 'jdbc:oracle:thin:@//localhost:1521/XE' (oracle_thin-17480076a00-415ea9fa476d5d4c)
2020-09-12 10:56:44.262 - Connected (oracle_thin-17480076a00-415ea9fa476d5d4c, Oracle JDBC driver [11.2.0.4.0])
2020-09-12 10:56:44.267 - > Start org.jkiss.dbeaver.ext.wmi [2.0.102.201901062110]
2020-09-12 10:56:44.270 - > Start org.jkiss.dbeaver.ext.athena [1.0.6.201901062110]
2020-09-12 10:56:44.274 - > Start org.jkiss.dbeaver.ext.bigquery [1.0.6.201901062110]
2020-09-12 10:56:44.276 - > Start org.jkiss.dbeaver.ext.db2 [2.1.85.201901062110]
2020-09-12 10:56:44.279 - > Start org.jkiss.dbeaver.ext.generic [2.3.86.201901062110]
2020-09-12 10:56:44.281 - > Start org.jkiss.dbeaver.ext.exasol [1.0.58.201901062110]
2020-09-12 10:56:44.284 - > Start org.jkiss.dbeaver.ext.postgresql [2.1.73.201901062110]
2020-09-12 10:56:44.288 - > Start org.jkiss.dbeaver.ext.mssql [1.0.94.201901062110]
2020-09-12 10:56:44.290 - > Start org.jkiss.dbeaver.ext.mysql [2.1.85.201901062110]
2020-09-12 10:56:44.293 - > Start org.jkiss.dbeaver.ext.snowflake.ui [1.0.20.201901062110]
2020-09-12 10:56:44.343 - Disconnected (oracle_thin-17480076a00-415ea9fa476d5d4c)
2020-09-12 10:57:01.034 - Connect with 'jdbc:oracle:thin:@//localhost:1521/XE' (oracle_thin-1748007adca-5ed426283fc2f4a5)
2020-09-12 10:57:01.082 - Connected (oracle_thin-1748007adca-5ed426283fc2f4a5, Oracle JDBC driver [11.2.0.4.0])
2020-09-12 10:57:01.094 - null
org.jkiss.dbeaver.model.exec.DBCException: SQL Error [900] [42000]: ORA-00900: invalid SQL statement

	at org.jkiss.dbeaver.model.impl.jdbc.exec.JDBCPreparedStatementImpl.executeStatement(JDBCPreparedStatementImpl.java:207)
	at org.jkiss.dbeaver.ext.snowflake.views.SnowflakeConnectionPage.loadDictList(SnowflakeConnectionPage.java:302)
	at org.jkiss.dbeaver.ext.snowflake.views.SnowflakeConnectionPage.testConnection(SnowflakeConnectionPage.java:289)
	at org.jkiss.dbeaver.ui.dialogs.connection.ConnectionPageSettings.testConnection(ConnectionPageSettings.java:371)
	at org.jkiss.dbeaver.ui.dialogs.connection.ConnectionWizard$ConnectionTester.testInPage(ConnectionWizard.java:313)
	at org.jkiss.dbeaver.ui.dialogs.connection.ConnectionWizard$ConnectionTester.run(ConnectionWizard.java:295)
	at org.jkiss.dbeaver.model.runtime.AbstractJob.run(AbstractJob.java:101)
	at org.eclipse.core.internal.jobs.Worker.run(Worker.java:63)
Caused by: java.sql.SQLException: ORA-00900: invalid SQL statement

	at oracle.jdbc.driver.T4CTTIoer.processError(T4CTTIoer.java:447)
	at oracle.jdbc.driver.T4CTTIoer.processError(T4CTTIoer.java:396)
	at oracle.jdbc.driver.T4C8Oall.processError(T4C8Oall.java:951)
	at oracle.jdbc.driver.T4CTTIfun.receive(T4CTTIfun.java:513)
	at oracle.jdbc.driver.T4CTTIfun.doRPC(T4CTTIfun.java:227)
	at oracle.jdbc.driver.T4C8Oall.doOALL(T4C8Oall.java:531)
	at oracle.jdbc.driver.T4CPreparedStatement.doOall8(T4CPreparedStatement.java:208)
	at oracle.jdbc.driver.T4CPreparedStatement.executeForRows(T4CPreparedStatement.java:1039)
	at oracle.jdbc.driver.OracleStatement.doExecuteWithTimeout(OracleStatement.java:1336)
	at oracle.jdbc.driver.OraclePreparedStatement.executeInternal(OraclePreparedStatement.java:3608)
	at oracle.jdbc.driver.OraclePreparedStatement.execute(OraclePreparedStatement.java:3709)
	at oracle.jdbc.driver.OraclePreparedStatementWrapper.execute(OraclePreparedStatementWrapper.java:1090)
	at org.jkiss.dbeaver.model.impl.jdbc.exec.JDBCPreparedStatementImpl.execute(JDBCPreparedStatementImpl.java:260)
	at org.jkiss.dbeaver.model.impl.jdbc.exec.JDBCPreparedStatementImpl.executeStatement(JDBCPreparedStatementImpl.java:204)
	... 7 more
2020-09-12 10:57:01.209 - Disconnected (oracle_thin-1748007adca-5ed426283fc2f4a5)
2020-09-12 11:05:38.314 - Connect with 'Oracle - XE' (oracle_thin-174800637e1-79484dee3aa880d3)
2020-09-12 11:05:38.386 - Connected (oracle_thin-174800637e1-79484dee3aa880d3, Oracle JDBC driver [11.2.0.4.0])
2020-09-12 11:06:27.365 - > Start org.eclipse.gef [3.11.0.201606061308]
Exception in thread "Thread-21" java.util.ConcurrentModificationException
	at java.util.HashMap$HashIterator.nextNode(HashMap.java:1429)
	at java.util.HashMap$KeyIterator.next(HashMap.java:1453)
	at org.eclipse.jface.text.source.AnnotationModel.getAnnotationIterator(AnnotationModel.java:743)
	at org.eclipse.jface.text.source.AnnotationModel.getAnnotationIterator(AnnotationModel.java:667)
	at org.eclipse.jface.text.source.AnnotationModel.getAnnotationIterator(AnnotationModel.java:743)
	at org.eclipse.jface.text.source.AnnotationModel.getAnnotationIterator(AnnotationModel.java:667)
	at org.eclipse.jface.text.source.projection.ProjectionSummary.removeSummaries(ProjectionSummary.java:175)
	at org.eclipse.jface.text.source.projection.ProjectionSummary.internalUpdateSummaries(ProjectionSummary.java:154)
	at org.eclipse.jface.text.source.projection.ProjectionSummary.access$3(ProjectionSummary.java:149)
	at org.eclipse.jface.text.source.projection.ProjectionSummary$Summarizer.run(ProjectionSummary.java:74)
2020-09-12 11:07:25.756 - Error binding callable statement parameters from metadata: Unsupported feature
2020-09-12 11:07:25.759 - Error extracting parameters meta data
java.sql.SQLException: Unsupported feature
	at oracle.jdbc.driver.OracleParameterMetaData.getParameterMode(OracleParameterMetaData.java:262)
	at org.jkiss.dbeaver.model.impl.jdbc.exec.JDBCCallableStatementImpl.<init>(JDBCCallableStatementImpl.java:132)
	at org.jkiss.dbeaver.model.impl.jdbc.exec.JDBCFactoryDefault.createCallableStatement(JDBCFactoryDefault.java:48)
	at org.jkiss.dbeaver.model.impl.jdbc.exec.JDBCConnectionImpl.createCallableStatementImpl(JDBCConnectionImpl.java:728)
	at org.jkiss.dbeaver.model.impl.jdbc.exec.JDBCConnectionImpl.prepareCall(JDBCConnectionImpl.java:256)
	at org.jkiss.dbeaver.ext.oracle.model.OracleDataSource.getErrorPosition(OracleDataSource.java:739)
	at org.jkiss.dbeaver.ui.editors.sql.SQLEditorBase.scrollCursorToError(SQLEditorBase.java:1320)
	at org.jkiss.dbeaver.ui.editors.sql.SQLEditor$SQLEditorQueryListener.processQueryResult(SQLEditor.java:2870)
	at org.jkiss.dbeaver.ui.editors.sql.SQLEditor$SQLEditorQueryListener.lambda$4(SQLEditor.java:2852)
	at org.jkiss.dbeaver.ui.UIUtils$5.runInUIThread(UIUtils.java:1441)
	at org.jkiss.dbeaver.ui.AbstractUIJob.runInUIThread(AbstractUIJob.java:41)
	at org.eclipse.ui.progress.UIJob.lambda$0(UIJob.java:98)
	at org.eclipse.swt.widgets.RunnableLock.run(RunnableLock.java:40)
	at org.eclipse.swt.widgets.Synchronizer.runAsyncMessages(Synchronizer.java:185)
	at org.eclipse.swt.widgets.Display.runAsyncMessages(Display.java:3933)
	at org.eclipse.swt.widgets.Display.readAndDispatch(Display.java:3564)
	at org.eclipse.e4.ui.internal.workbench.swt.PartRenderingEngine$5.run(PartRenderingEngine.java:1173)
	at org.eclipse.core.databinding.observable.Realm.runWithDefault(Realm.java:339)
	at org.eclipse.e4.ui.internal.workbench.swt.PartRenderingEngine.run(PartRenderingEngine.java:1062)
	at org.eclipse.e4.ui.internal.workbench.E4Workbench.createAndRunUI(E4Workbench.java:156)
	at org.eclipse.ui.internal.Workbench.lambda$3(Workbench.java:628)
	at org.eclipse.core.databinding.observable.Realm.runWithDefault(Realm.java:339)
	at org.eclipse.ui.internal.Workbench.createAndRunWorkbench(Workbench.java:563)
	at org.eclipse.ui.PlatformUI.createAndRunWorkbench(PlatformUI.java:151)
	at org.jkiss.dbeaver.core.application.DBeaverApplication.start(DBeaverApplication.java:156)
	at org.eclipse.equinox.internal.app.EclipseAppHandle.run(EclipseAppHandle.java:199)
	at org.eclipse.core.runtime.internal.adaptor.EclipseAppLauncher.runApplication(EclipseAppLauncher.java:137)
	at org.eclipse.core.runtime.internal.adaptor.EclipseAppLauncher.start(EclipseAppLauncher.java:107)
	at org.eclipse.core.runtime.adaptor.EclipseStarter.run(EclipseStarter.java:391)
	at org.eclipse.core.runtime.adaptor.EclipseStarter.run(EclipseStarter.java:246)
	at sun.reflect.NativeMethodAccessorImpl.invoke0(Native Method)
	at sun.reflect.NativeMethodAccessorImpl.invoke(NativeMethodAccessorImpl.java:62)
	at sun.reflect.DelegatingMethodAccessorImpl.invoke(DelegatingMethodAccessorImpl.java:43)
	at java.lang.reflect.Method.invoke(Method.java:498)
	at org.eclipse.equinox.launcher.Main.invokeFramework(Main.java:659)
	at org.eclipse.equinox.launcher.Main.basicRun(Main.java:595)
	at org.eclipse.equinox.launcher.Main.run(Main.java:1501)
2020-09-12 11:07:25.895 - null
org.jkiss.dbeaver.DBException: SQL Error [901] [42000]: ORA-00901: invalid CREATE command

	at org.jkiss.dbeaver.model.DBUtils.tryExecuteRecover(DBUtils.java:1659)
	at org.jkiss.dbeaver.ui.controls.resultset.ResultSetJobDataRead.run(ResultSetJobDataRead.java:99)
	at org.jkiss.dbeaver.model.runtime.AbstractJob.run(AbstractJob.java:101)
	at org.eclipse.core.internal.jobs.Worker.run(Worker.java:63)
Caused by: org.jkiss.dbeaver.model.exec.DBCException: SQL Error [901] [42000]: ORA-00901: invalid CREATE command

	at org.jkiss.dbeaver.ui.editors.sql.execute.SQLQueryJob.extractData(SQLQueryJob.java:840)
	at org.jkiss.dbeaver.ui.editors.sql.SQLEditor$QueryResultsContainer.readData(SQLEditor.java:2588)
	at org.jkiss.dbeaver.ui.controls.resultset.ResultSetJobDataRead.lambda$0(ResultSetJobDataRead.java:101)
	at org.jkiss.dbeaver.model.DBUtils.tryExecuteRecover(DBUtils.java:1627)
	... 3 more
Caused by: org.jkiss.dbeaver.DBException: SQL Error [901] [42000]: ORA-00901: invalid CREATE command

	at org.jkiss.dbeaver.model.DBUtils.tryExecuteRecover(DBUtils.java:1659)
	at org.jkiss.dbeaver.ui.editors.sql.execute.SQLQueryJob.executeSingleQuery(SQLQueryJob.java:400)
	at org.jkiss.dbeaver.ui.editors.sql.execute.SQLQueryJob.extractData(SQLQueryJob.java:835)
	... 6 more
Caused by: org.jkiss.dbeaver.model.exec.DBCException: SQL Error [901] [42000]: ORA-00901: invalid CREATE command

	at org.jkiss.dbeaver.model.impl.jdbc.exec.JDBCStatementImpl.executeStatement(JDBCStatementImpl.java:140)
	at org.jkiss.dbeaver.ui.editors.sql.execute.SQLQueryJob.executeStatement(SQLQueryJob.java:458)
	at org.jkiss.dbeaver.ui.editors.sql.execute.SQLQueryJob.lambda$0(SQLQueryJob.java:402)
	at org.jkiss.dbeaver.model.DBUtils.tryExecuteRecover(DBUtils.java:1627)
	... 8 more
Caused by: java.sql.SQLException: ORA-00901: invalid CREATE command

	at oracle.jdbc.driver.T4CTTIoer.processError(T4CTTIoer.java:447)
	at oracle.jdbc.driver.T4CTTIoer.processError(T4CTTIoer.java:396)
	at oracle.jdbc.driver.T4C8Oall.processError(T4C8Oall.java:951)
	at oracle.jdbc.driver.T4CTTIfun.receive(T4CTTIfun.java:513)
	at oracle.jdbc.driver.T4CTTIfun.doRPC(T4CTTIfun.java:227)
	at oracle.jdbc.driver.T4C8Oall.doOALL(T4C8Oall.java:531)
	at oracle.jdbc.driver.T4CStatement.doOall8(T4CStatement.java:195)
	at oracle.jdbc.driver.T4CStatement.executeForRows(T4CStatement.java:1029)
	at oracle.jdbc.driver.OracleStatement.doExecuteWithTimeout(OracleStatement.java:1336)
	at oracle.jdbc.driver.OracleStatement.executeInternal(OracleStatement.java:1916)
	at oracle.jdbc.driver.OracleStatement.execute(OracleStatement.java:1878)
	at oracle.jdbc.driver.OracleStatementWrapper.execute(OracleStatementWrapper.java:318)
	at org.jkiss.dbeaver.model.impl.jdbc.exec.JDBCStatementImpl.execute(JDBCStatementImpl.java:344)
	at org.jkiss.dbeaver.model.impl.jdbc.exec.JDBCStatementImpl.executeStatement(JDBCStatementImpl.java:137)
	... 11 more
2020-09-12 11:07:32.725 - Error binding callable statement parameters from metadata: Unsupported feature
2020-09-12 11:07:32.728 - Error extracting parameters meta data
java.sql.SQLException: Unsupported feature
	at oracle.jdbc.driver.OracleParameterMetaData.getParameterMode(OracleParameterMetaData.java:262)
	at org.jkiss.dbeaver.model.impl.jdbc.exec.JDBCCallableStatementImpl.<init>(JDBCCallableStatementImpl.java:132)
	at org.jkiss.dbeaver.model.impl.jdbc.exec.JDBCFactoryDefault.createCallableStatement(JDBCFactoryDefault.java:48)
	at org.jkiss.dbeaver.model.impl.jdbc.exec.JDBCConnectionImpl.createCallableStatementImpl(JDBCConnectionImpl.java:728)
	at org.jkiss.dbeaver.model.impl.jdbc.exec.JDBCConnectionImpl.prepareCall(JDBCConnectionImpl.java:256)
	at org.jkiss.dbeaver.ext.oracle.model.OracleDataSource.getErrorPosition(OracleDataSource.java:739)
	at org.jkiss.dbeaver.ui.editors.sql.SQLEditorBase.scrollCursorToError(SQLEditorBase.java:1320)
	at org.jkiss.dbeaver.ui.editors.sql.SQLEditor$SQLEditorQueryListener.processQueryResult(SQLEditor.java:2870)
	at org.jkiss.dbeaver.ui.editors.sql.SQLEditor$SQLEditorQueryListener.lambda$4(SQLEditor.java:2852)
	at org.jkiss.dbeaver.ui.UIUtils$5.runInUIThread(UIUtils.java:1441)
	at org.jkiss.dbeaver.ui.AbstractUIJob.runInUIThread(AbstractUIJob.java:41)
	at org.eclipse.ui.progress.UIJob.lambda$0(UIJob.java:98)
	at org.eclipse.swt.widgets.RunnableLock.run(RunnableLock.java:40)
	at org.eclipse.swt.widgets.Synchronizer.runAsyncMessages(Synchronizer.java:185)
	at org.eclipse.swt.widgets.Display.runAsyncMessages(Display.java:3933)
	at org.eclipse.swt.widgets.Display.readAndDispatch(Display.java:3564)
	at org.eclipse.e4.ui.internal.workbench.swt.PartRenderingEngine$5.run(PartRenderingEngine.java:1173)
	at org.eclipse.core.databinding.observable.Realm.runWithDefault(Realm.java:339)
	at org.eclipse.e4.ui.internal.workbench.swt.PartRenderingEngine.run(PartRenderingEngine.java:1062)
	at org.eclipse.e4.ui.internal.workbench.E4Workbench.createAndRunUI(E4Workbench.java:156)
	at org.eclipse.ui.internal.Workbench.lambda$3(Workbench.java:628)
	at org.eclipse.core.databinding.observable.Realm.runWithDefault(Realm.java:339)
	at org.eclipse.ui.internal.Workbench.createAndRunWorkbench(Workbench.java:563)
	at org.eclipse.ui.PlatformUI.createAndRunWorkbench(PlatformUI.java:151)
	at org.jkiss.dbeaver.core.application.DBeaverApplication.start(DBeaverApplication.java:156)
	at org.eclipse.equinox.internal.app.EclipseAppHandle.run(EclipseAppHandle.java:199)
	at org.eclipse.core.runtime.internal.adaptor.EclipseAppLauncher.runApplication(EclipseAppLauncher.java:137)
	at org.eclipse.core.runtime.internal.adaptor.EclipseAppLauncher.start(EclipseAppLauncher.java:107)
	at org.eclipse.core.runtime.adaptor.EclipseStarter.run(EclipseStarter.java:391)
	at org.eclipse.core.runtime.adaptor.EclipseStarter.run(EclipseStarter.java:246)
	at sun.reflect.NativeMethodAccessorImpl.invoke0(Native Method)
	at sun.reflect.NativeMethodAccessorImpl.invoke(NativeMethodAccessorImpl.java:62)
	at sun.reflect.DelegatingMethodAccessorImpl.invoke(DelegatingMethodAccessorImpl.java:43)
	at java.lang.reflect.Method.invoke(Method.java:498)
	at org.eclipse.equinox.launcher.Main.invokeFramework(Main.java:659)
	at org.eclipse.equinox.launcher.Main.basicRun(Main.java:595)
	at org.eclipse.equinox.launcher.Main.run(Main.java:1501)
2020-09-12 11:07:32.856 - null
org.jkiss.dbeaver.DBException: SQL Error [907] [42000]: ORA-00907: missing right parenthesis

	at org.jkiss.dbeaver.model.DBUtils.tryExecuteRecover(DBUtils.java:1659)
	at org.jkiss.dbeaver.ui.controls.resultset.ResultSetJobDataRead.run(ResultSetJobDataRead.java:99)
	at org.jkiss.dbeaver.model.runtime.AbstractJob.run(AbstractJob.java:101)
	at org.eclipse.core.internal.jobs.Worker.run(Worker.java:63)
Caused by: org.jkiss.dbeaver.model.exec.DBCException: SQL Error [907] [42000]: ORA-00907: missing right parenthesis

	at org.jkiss.dbeaver.ui.editors.sql.execute.SQLQueryJob.extractData(SQLQueryJob.java:840)
	at org.jkiss.dbeaver.ui.editors.sql.SQLEditor$QueryResultsContainer.readData(SQLEditor.java:2588)
	at org.jkiss.dbeaver.ui.controls.resultset.ResultSetJobDataRead.lambda$0(ResultSetJobDataRead.java:101)
	at org.jkiss.dbeaver.model.DBUtils.tryExecuteRecover(DBUtils.java:1627)
	... 3 more
Caused by: org.jkiss.dbeaver.DBException: SQL Error [907] [42000]: ORA-00907: missing right parenthesis

	at org.jkiss.dbeaver.model.DBUtils.tryExecuteRecover(DBUtils.java:1659)
	at org.jkiss.dbeaver.ui.editors.sql.execute.SQLQueryJob.executeSingleQuery(SQLQueryJob.java:400)
	at org.jkiss.dbeaver.ui.editors.sql.execute.SQLQueryJob.extractData(SQLQueryJob.java:835)
	... 6 more
Caused by: org.jkiss.dbeaver.model.exec.DBCException: SQL Error [907] [42000]: ORA-00907: missing right parenthesis

	at org.jkiss.dbeaver.model.impl.jdbc.exec.JDBCStatementImpl.executeStatement(JDBCStatementImpl.java:140)
	at org.jkiss.dbeaver.ui.editors.sql.execute.SQLQueryJob.executeStatement(SQLQueryJob.java:458)
	at org.jkiss.dbeaver.ui.editors.sql.execute.SQLQueryJob.lambda$0(SQLQueryJob.java:402)
	at org.jkiss.dbeaver.model.DBUtils.tryExecuteRecover(DBUtils.java:1627)
	... 8 more
Caused by: java.sql.SQLException: ORA-00907: missing right parenthesis

	at oracle.jdbc.driver.T4CTTIoer.processError(T4CTTIoer.java:447)
	at oracle.jdbc.driver.T4CTTIoer.processError(T4CTTIoer.java:396)
	at oracle.jdbc.driver.T4C8Oall.processError(T4C8Oall.java:951)
	at oracle.jdbc.driver.T4CTTIfun.receive(T4CTTIfun.java:513)
	at oracle.jdbc.driver.T4CTTIfun.doRPC(T4CTTIfun.java:227)
	at oracle.jdbc.driver.T4C8Oall.doOALL(T4C8Oall.java:531)
	at oracle.jdbc.driver.T4CStatement.doOall8(T4CStatement.java:195)
	at oracle.jdbc.driver.T4CStatement.executeForRows(T4CStatement.java:1029)
	at oracle.jdbc.driver.OracleStatement.doExecuteWithTimeout(OracleStatement.java:1336)
	at oracle.jdbc.driver.OracleStatement.executeInternal(OracleStatement.java:1916)
	at oracle.jdbc.driver.OracleStatement.execute(OracleStatement.java:1878)
	at oracle.jdbc.driver.OracleStatementWrapper.execute(OracleStatementWrapper.java:318)
	at org.jkiss.dbeaver.model.impl.jdbc.exec.JDBCStatementImpl.execute(JDBCStatementImpl.java:344)
	at org.jkiss.dbeaver.model.impl.jdbc.exec.JDBCStatementImpl.executeStatement(JDBCStatementImpl.java:137)
	... 11 more
2020-09-12 11:18:55.635 - DBeaver is stopping
2020-09-12 11:18:55.636 - Stop RMI server
